[2025-10-01 18:56:08] Tentativa de acesso direto ao script de envio de email
[2025-10-11 12:52:10] Tentativa de acesso direto ao script de envio de email
[2025-10-13 12:43:10] Iniciando envio de email para contato: Elena Sanchez (43988483206)
[2025-10-13 12:43:11] Iniciando envio de email para contato: Elena Sanchez (43988483206)
[2025-10-13 12:43:13] Email enviado com sucesso usando email-ssl.com.br:587 para: Elena Sanchez (43988483206)
[2025-10-13 12:43:13] Email enviado com sucesso usando email-ssl.com.br:587 para: Elena Sanchez (43988483206)
[2025-10-13 12:43:58] Iniciando envio de email para contato: Elena Sanchez (43988483206)
[2025-10-13 12:44:00] Email enviado com sucesso usando email-ssl.com.br:587 para: Elena Sanchez (43988483206)
[2025-10-20 13:14:17] Tentativa de acesso direto ao script de envio de email
[2025-10-26 12:54:52] Iniciando envio de email para contato: João Paulo Freitas Cunha (43984023435)
[2025-10-26 12:54:53] Email enviado com sucesso usando email-ssl.com.br:587 para: João Paulo Freitas Cunha (43984023435)
[2025-10-28 15:58:03] Iniciando envio de email para contato: João Paulo Freitas Cunha (43984023435)
[2025-10-28 15:58:05] Email enviado com sucesso usando email-ssl.com.br:587 para: João Paulo Freitas Cunha (43984023435)
[2025-10-31 05:49:26] Tentativa de acesso direto ao script de envio de email
[2025-11-06 22:28:50] Tentativa de acesso direto ao script de envio de email
[2025-11-08 21:38:35] Tentativa de acesso direto ao script de envio de email
[2025-11-08 21:39:25] Tentativa de acesso direto ao script de envio de email
[2025-11-09 16:40:09] Tentativa de acesso direto ao script de envio de email
[2025-11-09 16:40:50] Tentativa de acesso direto ao script de envio de email
[2025-11-10 16:16:11] Tentativa de acesso direto ao script de envio de email
[2025-11-10 16:16:52] Tentativa de acesso direto ao script de envio de email
[2025-11-10 16:16:59] Tentativa de acesso direto ao script de envio de email
[2025-11-10 16:17:41] Tentativa de acesso direto ao script de envio de email
[2025-12-01 05:37:44] Tentativa de acesso direto ao script de envio de email
[2025-12-11 14:31:39] Tentativa de acesso direto ao script de envio de email
[2025-12-11 16:58:18] Tentativa de acesso direto ao script de envio de email
[2025-12-19 15:29:18] Tentativa de acesso direto ao script de envio de email
[2025-12-20 06:44:25] Tentativa de acesso direto ao script de envio de email
[2025-12-27 13:39:41] Tentativa de acesso direto ao script de envio de email
[2025-12-28 23:11:23] Tentativa de acesso direto ao script de envio de email
[2026-01-05 11:49:35] Tentativa de acesso direto ao script de envio de email
[2026-01-06 14:20:15] Tentativa de acesso direto ao script de envio de email
[2026-01-14 06:40:52] Tentativa de acesso direto ao script de envio de email
[2026-01-15 01:58:10] Tentativa de acesso direto ao script de envio de email
[2026-01-23 13:10:36] Tentativa de acesso direto ao script de envio de email
[2026-01-23 22:41:20] Tentativa de acesso direto ao script de envio de email
[2026-02-02 18:55:36] Tentativa de acesso direto ao script de envio de email
[2026-02-02 23:14:39] Tentativa de acesso direto ao script de envio de email
[2026-02-08 22:48:12] Iniciando envio de email para contato: Joyce Moura (43991928396)
[2026-02-08 22:48:13] Email enviado com sucesso usando email-ssl.com.br:587 para: Joyce Moura (43991928396)
[2026-02-15 03:16:17] Tentativa de acesso direto ao script de envio de email
[2026-02-15 03:50:14] Tentativa de acesso direto ao script de envio de email
[2026-02-15 14:29:03] Iniciando envio de email para contato: Pietro (43996723735)
[2026-02-15 14:29:05] Iniciando envio de email para contato: Pietro (43996723735)
[2026-02-15 14:29:05] Email enviado com sucesso usando email-ssl.com.br:587 para: Pietro (43996723735)
[2026-02-15 14:29:06] Email enviado com sucesso usando email-ssl.com.br:587 para: Pietro (43996723735)
[2026-02-16 03:44:38] Tentativa de acesso direto ao script de envio de email
[2026-02-19 18:15:09] Iniciando envio de email para contato: Caio Henrique de Souza Silva (43996118999)
[2026-02-19 18:15:11] Email enviado com sucesso usando email-ssl.com.br:587 para: Caio Henrique de Souza Silva (43996118999)
[2026-02-24 14:13:57] Tentativa de acesso direto ao script de envio de email
[2026-02-24 14:41:11] Tentativa de acesso direto ao script de envio de email
[2026-03-05 14:40:16] Iniciando envio de email para contato: Matheus Lemos Fornazza (43999246875)
[2026-03-05 14:40:17] Email enviado com sucesso usando email-ssl.com.br:587 para: Matheus Lemos Fornazza (43999246875)
[2026-03-07 12:13:33] Iniciando envio de email para contato: Filipe (43988571661)
[2026-03-07 12:13:35] Email enviado com sucesso usando email-ssl.com.br:587 para: Filipe (43988571661)
[2026-03-09 01:31:42] Tentativa de acesso direto ao script de envio de email
[2026-03-09 02:20:58] Tentativa de acesso direto ao script de envio de email
[2026-03-09 07:45:53] Iniciando envio de email para contato: Andrewnuche (88435273797)
[2026-03-09 07:45:55] Email enviado com sucesso usando email-ssl.com.br:587 para: Andrewnuche (88435273797)
[2026-03-19 14:11:18] Tentativa de acesso direto ao script de envio de email
[2026-03-19 20:11:32] Iniciando envio de email para contato: João Pedro Fariad (43988732058)
[2026-03-19 20:11:33] Email enviado com sucesso usando email-ssl.com.br:587 para: João Pedro Fariad (43988732058)
[2026-03-19 20:15:36] Tentativa de acesso direto ao script de envio de email
[2026-03-26 09:51:49] Tentativa de acesso direto ao script de envio de email
[2026-03-28 13:32:20] Tentativa de acesso direto ao script de envio de email
[2026-03-28 22:33:25] Tentativa de acesso direto ao script de envio de email
[2026-04-20 17:10:05] Tentativa de acesso direto ao script de envio de email
[2026-04-21 12:07:00] Tentativa de acesso direto ao script de envio de email
[2026-04-22 20:03:17] Iniciando envio de email para contato: Bruno Henrique Moquiuti Lemos (43999617746)
[2026-04-22 20:03:18] Email enviado com sucesso usando email-ssl.com.br:587 para: Bruno Henrique Moquiuti Lemos (43999617746)
[2026-04-26 23:30:23] Tentativa de acesso direto ao script de envio de email
[2026-05-04 16:59:07] Tentativa de acesso direto ao script de envio de email
[2026-05-05 12:07:20] Tentativa de acesso direto ao script de envio de email
[2026-05-14 03:44:20] Tentativa de acesso direto ao script de envio de email
[2026-05-14 16:14:07] Iniciando envio de email para contato: Daniele Tosta (9149990720)
[2026-05-14 16:14:09] Erro ao enviar email - Nome: Daniele Tosta, Telefone: 9149990720, Erro: SMTP Error: data not accepted. SMTP server error: DATA END command failed Detail: Error: queue file write error
 SMTP code: 451 Additional SMTP info: 4.3.0
[2026-05-14 16:14:09] Exception details: SMTP Error: data not accepted.
[2026-05-16 15:55:27] Iniciando envio de email para contato: Hilton (43991256033)
[2026-05-16 15:55:28] Erro ao enviar email - Nome: Hilton, Telefone: 43991256033, Erro: SMTP Error: data not accepted. SMTP server error: DATA END command failed Detail: Error: queue file write error
 SMTP code: 451 Additional SMTP info: 4.3.0
[2026-05-16 15:55:28] Exception details: SMTP Error: data not accepted.
[2026-05-18 16:50:26] Tentativa de acesso direto ao script de envio de email
[2026-05-26 17:24:59] Iniciando envio de email para contato: Isaque Saldanha Zamuner (43984867067)
[2026-05-26 17:25:01] Email enviado com sucesso usando email-ssl.com.br:587 para: Isaque Saldanha Zamuner (43984867067)
[2026-05-28 03:46:44] Tentativa de acesso direto ao script de envio de email
[2026-06-01 09:30:05] Iniciando envio de email para contato: Jeremy Allen (84211831881)
[2026-06-01 09:30:07] Email enviado com sucesso usando email-ssl.com.br:587 para: Jeremy Allen (84211831881)
[2026-06-06 13:21:34] Tentativa de acesso direto ao script de envio de email
[2026-06-11 03:31:24] Tentativa de acesso direto ao script de envio de email
[2026-06-14 12:08:09] Iniciando envio de email para contato: gabriela (43999280331)
[2026-06-14 12:08:12] Iniciando envio de email para contato: gabriela (43999280331)
[2026-06-14 12:08:13] Erro ao enviar email - Nome: gabriela, Telefone: 43999280331, Erro: SMTP Error: data not accepted. SMTP server error: DATA END command failed Detail: Error: queue file write error
 SMTP code: 451 Additional SMTP info: 4.3.0
[2026-06-14 12:08:13] Exception details: SMTP Error: data not accepted.
[2026-06-14 14:08:19] Iniciando envio de email para contato: Mohammad Abdallah (85257945269)
[2026-06-14 14:08:20] Email enviado com sucesso usando email-ssl.com.br:587 para: Mohammad Abdallah (85257945269)
[2026-06-15 16:39:00] Iniciando envio de email para contato: Adriana (11997723108)
[2026-06-15 16:39:02] Email enviado com sucesso usando email-ssl.com.br:587 para: Adriana (11997723108)
[2026-06-16 10:00:45] Iniciando envio de email para contato: Fernanda (43996149295)
[2026-06-16 10:00:47] Email enviado com sucesso usando email-ssl.com.br:587 para: Fernanda (43996149295)
[2026-06-16 18:33:55] Tentativa de acesso direto ao script de envio de email
[2026-06-24 14:56:05] Tentativa de acesso direto ao script de envio de email
[2026-06-25 03:17:38] Tentativa de acesso direto ao script de envio de email
[2026-06-30 07:57:44] Tentativa de acesso direto ao script de envio de email
[2026-07-07 17:24:01] Iniciando envio de email para contato: Gabriel Ferreira Serapião (43999705331)
[2026-07-07 17:24:02] Email enviado com sucesso usando email-ssl.com.br:587 para: Gabriel Ferreira Serapião (43999705331)
